2020-11-23 00:02:30,907 DEBUG    root            Loaded Command Group: ['gcloud', 'components']
2020-11-23 00:02:30,912 DEBUG    root            Loaded Command Group: ['gcloud', 'components', 'install']
2020-11-23 00:02:30,915 DEBUG    root            Running [gcloud.components.install] with arguments: [--quiet: "True", COMPONENT-IDS:5: "['alpha', 'beta', 'kubectl', 'skaffold', 'minikube']"]
2020-11-23 00:02:31,306 INFO     ___FILE_ONLY___ 

2020-11-23 00:02:31,307 INFO     ___FILE_ONLY___ 
Your current Cloud SDK version is: 316.0.0

2020-11-23 00:02:31,307 INFO     ___FILE_ONLY___ Installing components from version: 316.0.0

2020-11-23 00:02:31,307 INFO     ___FILE_ONLY___ 

2020-11-23 00:02:31,313 INFO     ___FILE_ONLY___ ┌───────────────────────────────────────────────┐
2020-11-23 00:02:31,313 INFO     ___FILE_ONLY___ 

2020-11-23 00:02:31,314 INFO     ___FILE_ONLY___ │      These components will be installed.      │
2020-11-23 00:02:31,314 INFO     ___FILE_ONLY___ 

2020-11-23 00:02:31,314 INFO     ___FILE_ONLY___ ├───────────────────────┬────────────┬──────────┤
2020-11-23 00:02:31,314 INFO     ___FILE_ONLY___ 

2020-11-23 00:02:31,314 INFO     ___FILE_ONLY___ │          Name         │  Version   │   Size   │
2020-11-23 00:02:31,314 INFO     ___FILE_ONLY___ 

2020-11-23 00:02:31,314 INFO     ___FILE_ONLY___ ├───────────────────────┼────────────┼──────────┤
2020-11-23 00:02:31,314 INFO     ___FILE_ONLY___ 

2020-11-23 00:02:31,314 INFO     ___FILE_ONLY___ │ 
2020-11-23 00:02:31,314 INFO     ___FILE_ONLY___ Minikube             
2020-11-23 00:02:31,315 INFO     ___FILE_ONLY___  
2020-11-23 00:02:31,315 INFO     ___FILE_ONLY___ │ 
2020-11-23 00:02:31,315 INFO     ___FILE_ONLY___     1.14.0
2020-11-23 00:02:31,315 INFO     ___FILE_ONLY___  
2020-11-23 00:02:31,315 INFO     ___FILE_ONLY___ │ 
2020-11-23 00:02:31,315 INFO     ___FILE_ONLY___         
2020-11-23 00:02:31,315 INFO     ___FILE_ONLY___  
2020-11-23 00:02:31,315 INFO     ___FILE_ONLY___ │
2020-11-23 00:02:31,315 INFO     ___FILE_ONLY___ 

2020-11-23 00:02:31,315 INFO     ___FILE_ONLY___ │ 
2020-11-23 00:02:31,315 INFO     ___FILE_ONLY___ Minikube             
2020-11-23 00:02:31,315 INFO     ___FILE_ONLY___  
2020-11-23 00:02:31,316 INFO     ___FILE_ONLY___ │ 
2020-11-23 00:02:31,316 INFO     ___FILE_ONLY___     1.14.0
2020-11-23 00:02:31,316 INFO     ___FILE_ONLY___  
2020-11-23 00:02:31,316 INFO     ___FILE_ONLY___ │ 
2020-11-23 00:02:31,316 INFO     ___FILE_ONLY___ 24.0 MiB
2020-11-23 00:02:31,316 INFO     ___FILE_ONLY___  
2020-11-23 00:02:31,316 INFO     ___FILE_ONLY___ │
2020-11-23 00:02:31,316 INFO     ___FILE_ONLY___ 

2020-11-23 00:02:31,316 INFO     ___FILE_ONLY___ │ 
2020-11-23 00:02:31,316 INFO     ___FILE_ONLY___ Skaffold             
2020-11-23 00:02:31,316 INFO     ___FILE_ONLY___  
2020-11-23 00:02:31,317 INFO     ___FILE_ONLY___ │ 
2020-11-23 00:02:31,317 INFO     ___FILE_ONLY___     1.14.0
2020-11-23 00:02:31,317 INFO     ___FILE_ONLY___  
2020-11-23 00:02:31,317 INFO     ___FILE_ONLY___ │ 
2020-11-23 00:02:31,317 INFO     ___FILE_ONLY___ 15.3 MiB
2020-11-23 00:02:31,317 INFO     ___FILE_ONLY___  
2020-11-23 00:02:31,317 INFO     ___FILE_ONLY___ │
2020-11-23 00:02:31,317 INFO     ___FILE_ONLY___ 

2020-11-23 00:02:31,317 INFO     ___FILE_ONLY___ │ 
2020-11-23 00:02:31,317 INFO     ___FILE_ONLY___ Skaffold             
2020-11-23 00:02:31,317 INFO     ___FILE_ONLY___  
2020-11-23 00:02:31,317 INFO     ___FILE_ONLY___ │ 
2020-11-23 00:02:31,318 INFO     ___FILE_ONLY___     1.14.0
2020-11-23 00:02:31,318 INFO     ___FILE_ONLY___  
2020-11-23 00:02:31,318 INFO     ___FILE_ONLY___ │ 
2020-11-23 00:02:31,318 INFO     ___FILE_ONLY___         
2020-11-23 00:02:31,318 INFO     ___FILE_ONLY___  
2020-11-23 00:02:31,318 INFO     ___FILE_ONLY___ │
2020-11-23 00:02:31,318 INFO     ___FILE_ONLY___ 

2020-11-23 00:02:31,318 INFO     ___FILE_ONLY___ │ 
2020-11-23 00:02:31,318 INFO     ___FILE_ONLY___ gcloud Alpha Commands
2020-11-23 00:02:31,318 INFO     ___FILE_ONLY___  
2020-11-23 00:02:31,318 INFO     ___FILE_ONLY___ │ 
2020-11-23 00:02:31,319 INFO     ___FILE_ONLY___ 2019.05.17
2020-11-23 00:02:31,319 INFO     ___FILE_ONLY___  
2020-11-23 00:02:31,319 INFO     ___FILE_ONLY___ │ 
2020-11-23 00:02:31,319 INFO     ___FILE_ONLY___  < 1 MiB
2020-11-23 00:02:31,319 INFO     ___FILE_ONLY___  
2020-11-23 00:02:31,319 INFO     ___FILE_ONLY___ │
2020-11-23 00:02:31,319 INFO     ___FILE_ONLY___ 

2020-11-23 00:02:31,319 INFO     ___FILE_ONLY___ │ 
2020-11-23 00:02:31,319 INFO     ___FILE_ONLY___ gcloud Beta Commands 
2020-11-23 00:02:31,319 INFO     ___FILE_ONLY___  
2020-11-23 00:02:31,319 INFO     ___FILE_ONLY___ │ 
2020-11-23 00:02:31,319 INFO     ___FILE_ONLY___ 2019.05.17
2020-11-23 00:02:31,320 INFO     ___FILE_ONLY___  
2020-11-23 00:02:31,320 INFO     ___FILE_ONLY___ │ 
2020-11-23 00:02:31,320 INFO     ___FILE_ONLY___  < 1 MiB
2020-11-23 00:02:31,320 INFO     ___FILE_ONLY___  
2020-11-23 00:02:31,320 INFO     ___FILE_ONLY___ │
2020-11-23 00:02:31,320 INFO     ___FILE_ONLY___ 

2020-11-23 00:02:31,320 INFO     ___FILE_ONLY___ │ 
2020-11-23 00:02:31,320 INFO     ___FILE_ONLY___ kubectl              
2020-11-23 00:02:31,320 INFO     ___FILE_ONLY___  
2020-11-23 00:02:31,320 INFO     ___FILE_ONLY___ │ 
2020-11-23 00:02:31,320 INFO     ___FILE_ONLY___    1.15.11
2020-11-23 00:02:31,320 INFO     ___FILE_ONLY___  
2020-11-23 00:02:31,321 INFO     ___FILE_ONLY___ │ 
2020-11-23 00:02:31,321 INFO     ___FILE_ONLY___  < 1 MiB
2020-11-23 00:02:31,321 INFO     ___FILE_ONLY___  
2020-11-23 00:02:31,321 INFO     ___FILE_ONLY___ │
2020-11-23 00:02:31,321 INFO     ___FILE_ONLY___ 

2020-11-23 00:02:31,321 INFO     ___FILE_ONLY___ │ 
2020-11-23 00:02:31,321 INFO     ___FILE_ONLY___ kubectl              
2020-11-23 00:02:31,321 INFO     ___FILE_ONLY___  
2020-11-23 00:02:31,321 INFO     ___FILE_ONLY___ │ 
2020-11-23 00:02:31,321 INFO     ___FILE_ONLY___    1.15.11
2020-11-23 00:02:31,321 INFO     ___FILE_ONLY___  
2020-11-23 00:02:31,321 INFO     ___FILE_ONLY___ │ 
2020-11-23 00:02:31,322 INFO     ___FILE_ONLY___ 87.1 MiB
2020-11-23 00:02:31,322 INFO     ___FILE_ONLY___  
2020-11-23 00:02:31,322 INFO     ___FILE_ONLY___ │
2020-11-23 00:02:31,322 INFO     ___FILE_ONLY___ 

2020-11-23 00:02:31,322 INFO     ___FILE_ONLY___ └───────────────────────┴────────────┴──────────┘
2020-11-23 00:02:31,322 INFO     ___FILE_ONLY___ 

2020-11-23 00:02:31,322 INFO     ___FILE_ONLY___ 

2020-11-23 00:02:31,786 INFO     ___FILE_ONLY___ For the latest full release notes, please visit:
  https://cloud.google.com/sdk/release_notes


2020-11-23 00:02:31,790 INFO     ___FILE_ONLY___ ╔════════════════════════════════════════════════════════════╗

2020-11-23 00:02:31,790 INFO     ___FILE_ONLY___ ╠═ Creating update staging area                             ═╣

2020-11-23 00:02:31,791 INFO     ___FILE_ONLY___ ╚
2020-11-23 00:02:31,791 INFO     ___FILE_ONLY___ ══════
2020-11-23 00:02:31,791 INFO     ___FILE_ONLY___ ══════
2020-11-23 00:02:31,791 INFO     ___FILE_ONLY___ ══════
2020-11-23 00:02:32,340 INFO     ___FILE_ONLY___ ═
2020-11-23 00:02:32,548 INFO     ___FILE_ONLY___ ═
2020-11-23 00:02:32,709 INFO     ___FILE_ONLY___ ═
2020-11-23 00:02:32,933 INFO     ___FILE_ONLY___ ═
2020-11-23 00:02:33,087 INFO     ___FILE_ONLY___ ═
2020-11-23 00:02:33,299 INFO     ___FILE_ONLY___ ═
2020-11-23 00:02:33,454 INFO     ___FILE_ONLY___ ═
2020-11-23 00:02:33,710 INFO     ___FILE_ONLY___ ═
2020-11-23 00:02:33,853 INFO     ___FILE_ONLY___ ═
2020-11-23 00:02:33,940 INFO     ___FILE_ONLY___ ═
2020-11-23 00:02:34,058 INFO     ___FILE_ONLY___ ═
2020-11-23 00:02:34,196 INFO     ___FILE_ONLY___ ═
2020-11-23 00:02:34,378 INFO     ___FILE_ONLY___ ═
2020-11-23 00:02:34,507 INFO     ___FILE_ONLY___ ═
2020-11-23 00:02:34,696 INFO     ___FILE_ONLY___ ═
2020-11-23 00:02:34,909 INFO     ___FILE_ONLY___ ═
2020-11-23 00:02:35,069 INFO     ___FILE_ONLY___ ═
2020-11-23 00:02:35,238 INFO     ___FILE_ONLY___ ═
2020-11-23 00:02:35,387 INFO     ___FILE_ONLY___ ═
2020-11-23 00:02:35,561 INFO     ___FILE_ONLY___ ═
2020-11-23 00:02:35,731 INFO     ___FILE_ONLY___ ═
2020-11-23 00:02:35,898 INFO     ___FILE_ONLY___ ═
2020-11-23 00:02:36,034 INFO     ___FILE_ONLY___ ═
2020-11-23 00:02:36,208 INFO     ___FILE_ONLY___ ═
2020-11-23 00:02:36,365 INFO     ___FILE_ONLY___ ═
2020-11-23 00:02:36,622 INFO     ___FILE_ONLY___ ═
2020-11-23 00:02:36,842 INFO     ___FILE_ONLY___ ═
2020-11-23 00:02:36,992 INFO     ___FILE_ONLY___ ═
2020-11-23 00:02:37,135 INFO     ___FILE_ONLY___ ═
2020-11-23 00:02:37,321 INFO     ___FILE_ONLY___ ═
2020-11-23 00:02:37,670 INFO     ___FILE_ONLY___ ═
2020-11-23 00:02:37,975 INFO     ___FILE_ONLY___ ═
2020-11-23 00:02:38,281 INFO     ___FILE_ONLY___ ═
2020-11-23 00:02:38,354 INFO     ___FILE_ONLY___ ═
2020-11-23 00:02:38,442 INFO     ___FILE_ONLY___ ═
2020-11-23 00:02:38,526 INFO     ___FILE_ONLY___ ═
2020-11-23 00:02:38,614 INFO     ___FILE_ONLY___ ═
2020-11-23 00:02:38,718 INFO     ___FILE_ONLY___ ═
2020-11-23 00:02:38,855 INFO     ___FILE_ONLY___ ═
2020-11-23 00:02:39,041 INFO     ___FILE_ONLY___ ═
2020-11-23 00:02:39,315 INFO     ___FILE_ONLY___ ═
2020-11-23 00:02:39,901 INFO     ___FILE_ONLY___ ═
2020-11-23 00:02:39,901 INFO     ___FILE_ONLY___ ╝

2020-11-23 00:02:39,978 INFO     ___FILE_ONLY___ ╔════════════════════════════════════════════════════════════╗

2020-11-23 00:02:39,979 INFO     ___FILE_ONLY___ ╠═ Installing: Minikube                                     ═╣

2020-11-23 00:02:39,979 INFO     ___FILE_ONLY___ ╚
2020-11-23 00:02:39,982 INFO     ___FILE_ONLY___ ════════════════════════════════════════════════════════════
2020-11-23 00:02:39,983 INFO     ___FILE_ONLY___ ╝

2020-11-23 00:02:39,986 INFO     ___FILE_ONLY___ ╔════════════════════════════════════════════════════════════╗

2020-11-23 00:02:39,987 INFO     ___FILE_ONLY___ ╠═ Installing: Minikube                                     ═╣

2020-11-23 00:02:39,987 INFO     ___FILE_ONLY___ ╚
2020-11-23 00:02:40,617 INFO     ___FILE_ONLY___ ═
2020-11-23 00:02:40,724 INFO     ___FILE_ONLY___ ═
2020-11-23 00:02:40,819 INFO     ___FILE_ONLY___ ═
2020-11-23 00:02:40,906 INFO     ___FILE_ONLY___ ═
2020-11-23 00:02:41,000 INFO     ___FILE_ONLY___ ═
2020-11-23 00:02:41,093 INFO     ___FILE_ONLY___ ═
2020-11-23 00:02:41,155 INFO     ___FILE_ONLY___ ═
2020-11-23 00:02:41,243 INFO     ___FILE_ONLY___ ═
2020-11-23 00:02:41,348 INFO     ___FILE_ONLY___ ═
2020-11-23 00:02:41,472 INFO     ___FILE_ONLY___ ═
2020-11-23 00:02:41,544 INFO     ___FILE_ONLY___ ═
2020-11-23 00:02:41,618 INFO     ___FILE_ONLY___ ═
2020-11-23 00:02:41,687 INFO     ___FILE_ONLY___ ═
2020-11-23 00:02:41,749 INFO     ___FILE_ONLY___ ═
2020-11-23 00:02:41,821 INFO     ___FILE_ONLY___ ═
2020-11-23 00:02:41,894 INFO     ___FILE_ONLY___ ═
2020-11-23 00:02:41,972 INFO     ___FILE_ONLY___ ═
2020-11-23 00:02:42,033 INFO     ___FILE_ONLY___ ═
2020-11-23 00:02:42,125 INFO     ___FILE_ONLY___ ═
2020-11-23 00:02:42,226 INFO     ___FILE_ONLY___ ═
2020-11-23 00:02:42,354 INFO     ___FILE_ONLY___ ═
2020-11-23 00:02:42,441 INFO     ___FILE_ONLY___ ═
2020-11-23 00:02:42,509 INFO     ___FILE_ONLY___ ═
2020-11-23 00:02:42,608 INFO     ___FILE_ONLY___ ═
2020-11-23 00:02:42,677 INFO     ___FILE_ONLY___ ═
2020-11-23 00:02:42,770 INFO     ___FILE_ONLY___ ═
2020-11-23 00:02:42,843 INFO     ___FILE_ONLY___ ═
2020-11-23 00:02:42,905 INFO     ___FILE_ONLY___ ═
2020-11-23 00:02:42,982 INFO     ___FILE_ONLY___ ═
2020-11-23 00:02:43,069 INFO     ___FILE_ONLY___ ═
2020-11-23 00:02:43,648 INFO     ___FILE_ONLY___ ══════════════════════════════
2020-11-23 00:02:43,649 INFO     ___FILE_ONLY___ ╝

2020-11-23 00:02:43,656 INFO     ___FILE_ONLY___ ╔════════════════════════════════════════════════════════════╗

2020-11-23 00:02:43,657 INFO     ___FILE_ONLY___ ╠═ Installing: Skaffold                                     ═╣

2020-11-23 00:02:43,657 INFO     ___FILE_ONLY___ ╚
2020-11-23 00:02:44,159 INFO     ___FILE_ONLY___ ═
2020-11-23 00:02:44,235 INFO     ___FILE_ONLY___ ═
2020-11-23 00:02:44,283 INFO     ___FILE_ONLY___ ═
2020-11-23 00:02:44,330 INFO     ___FILE_ONLY___ ═
2020-11-23 00:02:44,371 INFO     ___FILE_ONLY___ ═
2020-11-23 00:02:44,407 INFO     ___FILE_ONLY___ ═
2020-11-23 00:02:44,444 INFO     ___FILE_ONLY___ ═
2020-11-23 00:02:44,485 INFO     ___FILE_ONLY___ ═
2020-11-23 00:02:44,551 INFO     ___FILE_ONLY___ ═
2020-11-23 00:02:44,611 INFO     ___FILE_ONLY___ ═
2020-11-23 00:02:44,655 INFO     ___FILE_ONLY___ ═
2020-11-23 00:02:44,692 INFO     ___FILE_ONLY___ ═
2020-11-23 00:02:44,727 INFO     ___FILE_ONLY___ ═
2020-11-23 00:02:44,777 INFO     ___FILE_ONLY___ ═
2020-11-23 00:02:44,817 INFO     ___FILE_ONLY___ ═
2020-11-23 00:02:44,856 INFO     ___FILE_ONLY___ ═
2020-11-23 00:02:44,900 INFO     ___FILE_ONLY___ ═
2020-11-23 00:02:44,936 INFO     ___FILE_ONLY___ ═
2020-11-23 00:02:44,998 INFO     ___FILE_ONLY___ ═
2020-11-23 00:02:45,063 INFO     ___FILE_ONLY___ ═
2020-11-23 00:02:45,115 INFO     ___FILE_ONLY___ ═
2020-11-23 00:02:45,158 INFO     ___FILE_ONLY___ ═
2020-11-23 00:02:45,197 INFO     ___FILE_ONLY___ ═
2020-11-23 00:02:45,233 INFO     ___FILE_ONLY___ ═
2020-11-23 00:02:45,273 INFO     ___FILE_ONLY___ ═
2020-11-23 00:02:45,334 INFO     ___FILE_ONLY___ ═
2020-11-23 00:02:45,378 INFO     ___FILE_ONLY___ ═
2020-11-23 00:02:45,452 INFO     ___FILE_ONLY___ ═
2020-11-23 00:02:45,509 INFO     ___FILE_ONLY___ ═
2020-11-23 00:02:45,541 INFO     ___FILE_ONLY___ ═
2020-11-23 00:02:46,073 INFO     ___FILE_ONLY___ ══════════════════════════════
2020-11-23 00:02:46,074 INFO     ___FILE_ONLY___ ╝

2020-11-23 00:02:46,083 INFO     ___FILE_ONLY___ ╔════════════════════════════════════════════════════════════╗

2020-11-23 00:02:46,084 INFO     ___FILE_ONLY___ ╠═ Installing: Skaffold                                     ═╣

2020-11-23 00:02:46,084 INFO     ___FILE_ONLY___ ╚
2020-11-23 00:02:46,088 INFO     ___FILE_ONLY___ ════════════════════════════════════════════════════════════
2020-11-23 00:02:46,088 INFO     ___FILE_ONLY___ ╝

2020-11-23 00:02:46,092 INFO     ___FILE_ONLY___ ╔════════════════════════════════════════════════════════════╗

2020-11-23 00:02:46,092 INFO     ___FILE_ONLY___ ╠═ Installing: gcloud Alpha Commands                        ═╣

2020-11-23 00:02:46,093 INFO     ___FILE_ONLY___ ╚
2020-11-23 00:02:46,352 INFO     ___FILE_ONLY___ ══════════════════════════════
2020-11-23 00:02:46,353 INFO     ___FILE_ONLY___ ═══════
2020-11-23 00:02:46,353 INFO     ___FILE_ONLY___ ════════
2020-11-23 00:02:46,353 INFO     ___FILE_ONLY___ ═══════
2020-11-23 00:02:46,354 INFO     ___FILE_ONLY___ ════════
2020-11-23 00:02:46,354 INFO     ___FILE_ONLY___ ╝

2020-11-23 00:02:46,362 INFO     ___FILE_ONLY___ ╔════════════════════════════════════════════════════════════╗

2020-11-23 00:02:46,362 INFO     ___FILE_ONLY___ ╠═ Installing: gcloud Beta Commands                         ═╣

2020-11-23 00:02:46,362 INFO     ___FILE_ONLY___ ╚
2020-11-23 00:02:46,611 INFO     ___FILE_ONLY___ ══════════════════════════════
2020-11-23 00:02:46,612 INFO     ___FILE_ONLY___ ═══════
2020-11-23 00:02:46,612 INFO     ___FILE_ONLY___ ════════
2020-11-23 00:02:46,612 INFO     ___FILE_ONLY___ ═══════
2020-11-23 00:02:46,613 INFO     ___FILE_ONLY___ ════════
2020-11-23 00:02:46,613 INFO     ___FILE_ONLY___ ╝

2020-11-23 00:02:46,625 INFO     ___FILE_ONLY___ ╔════════════════════════════════════════════════════════════╗

2020-11-23 00:02:46,626 INFO     ___FILE_ONLY___ ╠═ Installing: kubectl                                      ═╣

2020-11-23 00:02:46,626 INFO     ___FILE_ONLY___ ╚
2020-11-23 00:02:46,897 INFO     ___FILE_ONLY___ ═══════════
2020-11-23 00:02:46,923 INFO     ___FILE_ONLY___ ═══════════
2020-11-23 00:02:46,934 INFO     ___FILE_ONLY___ ════════
2020-11-23 00:02:46,940 INFO     ___FILE_ONLY___ ══════════════════════════════
2020-11-23 00:02:46,941 INFO     ___FILE_ONLY___ ╝

2020-11-23 00:02:46,949 INFO     ___FILE_ONLY___ ╔════════════════════════════════════════════════════════════╗

2020-11-23 00:02:46,950 INFO     ___FILE_ONLY___ ╠═ Installing: kubectl                                      ═╣

2020-11-23 00:02:46,950 INFO     ___FILE_ONLY___ ╚
2020-11-23 00:02:47,904 INFO     ___FILE_ONLY___ ═
2020-11-23 00:02:48,220 INFO     ___FILE_ONLY___ ═
2020-11-23 00:02:48,492 INFO     ___FILE_ONLY___ ═
2020-11-23 00:02:48,743 INFO     ___FILE_ONLY___ ═
2020-11-23 00:02:49,005 INFO     ___FILE_ONLY___ ═
2020-11-23 00:02:49,355 INFO     ___FILE_ONLY___ ═
2020-11-23 00:02:49,626 INFO     ___FILE_ONLY___ ═
2020-11-23 00:02:49,892 INFO     ___FILE_ONLY___ ═
2020-11-23 00:02:50,140 INFO     ___FILE_ONLY___ ═
2020-11-23 00:02:50,421 INFO     ___FILE_ONLY___ ═
2020-11-23 00:02:50,696 INFO     ___FILE_ONLY___ ═
2020-11-23 00:02:50,975 INFO     ___FILE_ONLY___ ═
2020-11-23 00:02:51,326 INFO     ___FILE_ONLY___ ═
2020-11-23 00:02:51,572 INFO     ___FILE_ONLY___ ═
2020-11-23 00:02:51,859 INFO     ___FILE_ONLY___ ═
2020-11-23 00:02:52,277 INFO     ___FILE_ONLY___ ═
2020-11-23 00:02:52,594 INFO     ___FILE_ONLY___ ═
2020-11-23 00:02:52,875 INFO     ___FILE_ONLY___ ═
2020-11-23 00:02:53,119 INFO     ___FILE_ONLY___ ═
2020-11-23 00:02:53,408 INFO     ___FILE_ONLY___ ═
2020-11-23 00:02:53,628 INFO     ___FILE_ONLY___ ═
2020-11-23 00:02:53,894 INFO     ___FILE_ONLY___ ═
2020-11-23 00:02:54,212 INFO     ___FILE_ONLY___ ═
2020-11-23 00:02:54,485 INFO     ___FILE_ONLY___ ═
2020-11-23 00:02:54,699 INFO     ___FILE_ONLY___ ═
2020-11-23 00:02:54,978 INFO     ___FILE_ONLY___ ═
2020-11-23 00:02:55,234 INFO     ___FILE_ONLY___ ═
2020-11-23 00:02:55,554 INFO     ___FILE_ONLY___ ═
2020-11-23 00:02:55,797 INFO     ___FILE_ONLY___ ═
2020-11-23 00:02:56,027 INFO     ___FILE_ONLY___ ═
2020-11-23 00:02:57,565 INFO     ___FILE_ONLY___ ═════
2020-11-23 00:02:57,883 INFO     ___FILE_ONLY___ ═════
2020-11-23 00:02:58,156 INFO     ___FILE_ONLY___ ═════
2020-11-23 00:02:58,422 INFO     ___FILE_ONLY___ ════
2020-11-23 00:02:58,691 INFO     ___FILE_ONLY___ ══════
2020-11-23 00:02:58,940 INFO     ___FILE_ONLY___ ═════
2020-11-23 00:02:58,940 INFO     ___FILE_ONLY___ ╝

2020-11-23 00:02:58,949 INFO     ___FILE_ONLY___ ╔════════════════════════════════════════════════════════════╗

2020-11-23 00:02:58,949 INFO     ___FILE_ONLY___ ╠═ Creating backup and activating new installation          ═╣

2020-11-23 00:02:58,949 INFO     ___FILE_ONLY___ ╚
2020-11-23 00:02:58,949 DEBUG    root            Attempting to move directory [/Users/kotarokashihara/Library/Application Support/cloud-code/installer/google-cloud-sdk] to [/Users/kotarokashihara/Library/Application Support/cloud-code/installer/google-cloud-sdk.staging/.install/.backup]
2020-11-23 00:02:58,950 INFO     ___FILE_ONLY___ ══════════════════════════════
2020-11-23 00:02:58,950 DEBUG    root            Attempting to move directory [/Users/kotarokashihara/Library/Application Support/cloud-code/installer/google-cloud-sdk.staging] to [/Users/kotarokashihara/Library/Application Support/cloud-code/installer/google-cloud-sdk]
2020-11-23 00:02:58,950 INFO     ___FILE_ONLY___ ══════════════════════════════
2020-11-23 00:02:58,950 INFO     ___FILE_ONLY___ ╝

2020-11-23 00:02:58,954 DEBUG    root            Updating notification cache...
2020-11-23 00:02:58,955 INFO     ___FILE_ONLY___ 

2020-11-23 00:02:58,959 INFO     ___FILE_ONLY___ Performing post processing steps...
2020-11-23 00:02:58,959 DEBUG    root            Executing command: ['/Library/Developer/CommandLineTools/usr/bin/python3', '-S', '/Users/kotarokashihara/Library/Application Support/cloud-code/installer/google-cloud-sdk/lib/gcloud.py', 'components', 'post-process']
2020-11-23 00:03:16,539 DEBUG    ___FILE_ONLY___ 
2020-11-23 00:03:16,540 DEBUG    ___FILE_ONLY___ 
2020-11-23 00:03:16,573 INFO     ___FILE_ONLY___ 
Update done!


2020-11-23 00:03:16,584 INFO     root            Display format: "none"
